Removed Pin From Net: NetName=NetR3_1 Pin=R4-1
Removed Pin From Net: NetName=NetR3_1 Pin=R10-1
Removed Pin From Net: NetName=NetR3_1 Pin=R16-1
Removed Pin From Net: NetName=NetR3_1 Pin=R22-1
Removed Pin From Net: NetName=NetR3_1 Pin=R28-1
Removed Pin From Net: NetName=NetR3_1 Pin=R34-1
Removed Pin From Net: NetName=NetR3_1 Pin=R40-1
Removed Pin From Net: NetName=NetR3_1 Pin=R46-1
Removed Pin From Net: NetName=NetR3_1 Pin=R52-1
Removed Pin From Net: NetName=NetR3_1 Pin=R58-1
Add component (AddParameter): Name = "Class"; Value = "Passive"; VariantName = "[No Variations]"
Add component (AddParameter): Name = "Manufacturer"; Value = "Generic Components"; VariantName = "[No Variations]"
Add component (AddParameter): Name = "Published"; Value = "08/06/2000"; VariantName = "[No Variations]"
Add component (AddParameter): Name = "Publisher"; Value = "Altium Hobart Technology Centre"; VariantName = "[No Variations]"
Add component (AddParameter): Name = "SubClass"; Value = "R"; VariantName = "[No Variations]"
Added Component: Designator=R61(RES-1/2W)
Add component. Clean all parameters for all variants
Add component (AddParameter): Name = "Class"; Value = "Passive"; VariantName = "[No Variations]"
Add component (AddParameter): Name = "Manufacturer"; Value = "Generic Components"; VariantName = "[No Variations]"
Add component (AddParameter): Name = "Published"; Value = "08/06/2000"; VariantName = "[No Variations]"
Add component (AddParameter): Name = "Publisher"; Value = "Altium Hobart Technology Centre"; VariantName = "[No Variations]"
Add component (AddParameter): Name = "SubClass"; Value = "R"; VariantName = "[No Variations]"
Added Pin To Net: NetName=NetR3_1 Pin=R61-1
Added Pin To Net: NetName=NetR4_1 Pin=R4-1
Added Pin To Net: NetName=NetR4_1 Pin=R10-1
Added Pin To Net: NetName=NetR4_1 Pin=R16-1
Added Pin To Net: NetName=NetR4_1 Pin=R22-1
Added Pin To Net: NetName=NetR4_1 Pin=R28-1
Added Pin To Net: NetName=NetR4_1 Pin=R34-1
Added Pin To Net: NetName=NetR4_1 Pin=R40-1
Added Pin To Net: NetName=NetR4_1 Pin=R46-1
Added Pin To Net: NetName=NetR4_1 Pin=R52-1
Added Pin To Net: NetName=NetR4_1 Pin=R58-1
Added Pin To Net: NetName=NetR4_1 Pin=R61-2
Added Net: Name=NetR4_1
Added Member To Class: ClassName=Sheet2 Member=Component R15 Cau chi
Added Member To Class: ClassName=Sheet2 Member=Component R27 Cau chi
Added Member To Class: ClassName=Sheet2 Member=Component R46 Cau chi
Added Member To Class: ClassName=Sheet2 Member=Component R61 Res
Added Member To Class: ClassName=Sheet2 Member=Component RL12 Relay 10A/12V
