Removed Pin From Net: NetName=GND Pin=D1-1
Removed Pin From Net: NetName=GND Pin=D3-1
Removed Pin From Net: NetName=GND Pin=D6-1
Removed Pin From Net: NetName=GND Pin=D7-1
Removed Pin From Net: NetName=GND Pin=D9-1
Removed Pin From Net: NetName=GND Pin=D11-1
Removed Pin From Net: NetName=GND Pin=D13-1
Removed Pin From Net: NetName=GND Pin=D16-1
Removed Pin From Net: NetName=GND Pin=D17-1
Removed Pin From Net: NetName=GND Pin=D19-1
Removed Pin From Net: NetName=VCC Pin=Q2-1
Removed Pin From Net: NetName=VCC Pin=Q3-1
Removed Pin From Net: NetName=VCC Pin=Q6-1
Removed Pin From Net: NetName=VCC Pin=Q7-1
Removed Pin From Net: NetName=VCC Pin=Q10-1
Removed Pin From Net: NetName=VCC Pin=Q12-1
Removed Pin From Net: NetName=VCC Pin=Q13-1
Removed Pin From Net: NetName=VCC Pin=Q16-1
Removed Pin From Net: NetName=VCC Pin=Q17-1
Removed Pin From Net: NetName=VCC Pin=Q20-1
Removed Pin From Net: NetName=GND Pin=R1-1
Removed Pin From Net: NetName=GND Pin=R7-1
Removed Pin From Net: NetName=GND Pin=R13-1
Removed Pin From Net: NetName=GND Pin=R19-1
Removed Pin From Net: NetName=GND Pin=R25-1
Removed Pin From Net: NetName=GND Pin=R31-1
Removed Pin From Net: NetName=GND Pin=R37-1
Removed Pin From Net: NetName=GND Pin=R43-1
Removed Pin From Net: NetName=GND Pin=R49-1
Removed Pin From Net: NetName=GND Pin=R55-1
Removed Pin From Net: NetName=GND Pin=RL2-4
Removed Pin From Net: NetName=GND Pin=RL3-4
Removed Pin From Net: NetName=GND Pin=RL6-4
Removed Pin From Net: NetName=GND Pin=RL7-4
Removed Pin From Net: NetName=GND Pin=RL10-4
Removed Pin From Net: NetName=GND Pin=RL12-4
Removed Pin From Net: NetName=GND Pin=RL13-4
Removed Pin From Net: NetName=GND Pin=RL16-4
Removed Pin From Net: NetName=GND Pin=RL17-4
Removed Pin From Net: NetName=GND Pin=RL20-4
Removed Member From Class: ClassName=Sheet2 Member=C1
Removed Member From Class: ClassName=Sheet2 Member=C3
Removed Member From Class: ClassName=Sheet2 Member=C6
Removed Member From Class: ClassName=Sheet2 Member=C7
Removed Member From Class: ClassName=Sheet2 Member=C9
Removed Member From Class: ClassName=Sheet2 Member=C11
Removed Member From Class: ClassName=Sheet2 Member=C13
Removed Member From Class: ClassName=Sheet2 Member=C16
Removed Member From Class: ClassName=Sheet2 Member=C17
Removed Member From Class: ClassName=Sheet2 Member=C19
Removed Member From Class: ClassName=Sheet2 Member=D1
Removed Member From Class: ClassName=Sheet2 Member=D3
Removed Member From Class: ClassName=Sheet2 Member=D6
Removed Member From Class: ClassName=Sheet2 Member=D7
Removed Member From Class: ClassName=Sheet2 Member=D9
Removed Member From Class: ClassName=Sheet2 Member=D11
Removed Member From Class: ClassName=Sheet2 Member=D13
Removed Member From Class: ClassName=Sheet2 Member=D16
Removed Member From Class: ClassName=Sheet2 Member=D17
Removed Member From Class: ClassName=Sheet2 Member=D19
Removed Member From Class: ClassName=Sheet2 Member=LED2
Removed Member From Class: ClassName=Sheet2 Member=LED4
Removed Member From Class: ClassName=Sheet2 Member=LED6
Removed Member From Class: ClassName=Sheet2 Member=LED8
Removed Member From Class: ClassName=Sheet2 Member=LED10
Removed Member From Class: ClassName=Sheet2 Member=LED12
Removed Member From Class: ClassName=Sheet2 Member=LED14
Removed Member From Class: ClassName=Sheet2 Member=LED16
Removed Member From Class: ClassName=Sheet2 Member=LED18
Removed Member From Class: ClassName=Sheet2 Member=LED20
Removed Member From Class: ClassName=Sheet2 Member=Q2
Removed Member From Class: ClassName=Sheet2 Member=Q3
Removed Member From Class: ClassName=Sheet2 Member=Q6
Removed Member From Class: ClassName=Sheet2 Member=Q7
Removed Member From Class: ClassName=Sheet2 Member=Q10
Removed Member From Class: ClassName=Sheet2 Member=Q12
Removed Member From Class: ClassName=Sheet2 Member=Q13
Removed Member From Class: ClassName=Sheet2 Member=Q16
Removed Member From Class: ClassName=Sheet2 Member=Q17
Removed Member From Class: ClassName=Sheet2 Member=Q20
Removed Member From Class: ClassName=Sheet2 Member=R1
Removed Member From Class: ClassName=Sheet2 Member=R4
Removed Member From Class: ClassName=Sheet2 Member=R5
Removed Member From Class: ClassName=Sheet2 Member=R7
Removed Member From Class: ClassName=Sheet2 Member=R10
Removed Member From Class: ClassName=Sheet2 Member=R11
Removed Member From Class: ClassName=Sheet2 Member=R13
Removed Member From Class: ClassName=Sheet2 Member=R16
Removed Member From Class: ClassName=Sheet2 Member=R17
Removed Member From Class: ClassName=Sheet2 Member=R19
Removed Member From Class: ClassName=Sheet2 Member=R22
Removed Member From Class: ClassName=Sheet2 Member=R23
Removed Member From Class: ClassName=Sheet2 Member=R25
Removed Member From Class: ClassName=Sheet2 Member=R28
Removed Member From Class: ClassName=Sheet2 Member=R29
Removed Member From Class: ClassName=Sheet2 Member=R31
Removed Member From Class: ClassName=Sheet2 Member=R34
Removed Member From Class: ClassName=Sheet2 Member=R35
Removed Member From Class: ClassName=Sheet2 Member=R37
Removed Member From Class: ClassName=Sheet2 Member=R40
Removed Member From Class: ClassName=Sheet2 Member=R41
Removed Member From Class: ClassName=Sheet2 Member=R43
Removed Member From Class: ClassName=Sheet2 Member=R46
Removed Member From Class: ClassName=Sheet2 Member=R47
Removed Member From Class: ClassName=Sheet2 Member=R49
Removed Member From Class: ClassName=Sheet2 Member=R52
Removed Member From Class: ClassName=Sheet2 Member=R53
Removed Member From Class: ClassName=Sheet2 Member=R55
Removed Member From Class: ClassName=Sheet2 Member=R58
Removed Member From Class: ClassName=Sheet2 Member=R59
Removed Member From Class: ClassName=Sheet2 Member=RL2
Removed Member From Class: ClassName=Sheet2 Member=RL3
Removed Member From Class: ClassName=Sheet2 Member=RL6
Removed Member From Class: ClassName=Sheet2 Member=RL7
Removed Member From Class: ClassName=Sheet2 Member=RL10
Removed Member From Class: ClassName=Sheet2 Member=RL12
Removed Member From Class: ClassName=Sheet2 Member=RL13
Removed Member From Class: ClassName=Sheet2 Member=RL16
Removed Member From Class: ClassName=Sheet2 Member=RL17
Removed Member From Class: ClassName=Sheet2 Member=RL20
