Removed Pin From Net: NetName=NetR4_1 Pin=R4-1
Removed Pin From Net: NetName=NetR4_1 Pin=R10-1
Removed Pin From Net: NetName=NetR4_1 Pin=R16-1
Removed Pin From Net: NetName=NetR4_1 Pin=R22-1
Removed Pin From Net: NetName=NetR4_1 Pin=R28-1
Removed Pin From Net: NetName=NetR4_1 Pin=R34-1
Removed Pin From Net: NetName=NetR4_1 Pin=R40-1
Removed Pin From Net: NetName=NetR4_1 Pin=R46-1
Removed Pin From Net: NetName=NetR4_1 Pin=R61-2
Removed Member From Class: ClassName=Sheet2 Member=C1
Removed Member From Class: ClassName=Sheet2 Member=C3
Removed Member From Class: ClassName=Sheet2 Member=C5
Removed Member From Class: ClassName=Sheet2 Member=C7
Removed Member From Class: ClassName=Sheet2 Member=C10
Removed Member From Class: ClassName=Sheet2 Member=C12
Removed Member From Class: ClassName=Sheet2 Member=C13
Removed Member From Class: ClassName=Sheet2 Member=C15
Add component (AddParameter): Name = "Value"; Value = "Connector 8"; VariantName = "[No Variations]"
Added Component: Designator=ra3(Header8)
Add component. Clean all parameters for all variants
Add component (AddParameter): Name = "Value"; Value = "Connector 8"; VariantName = "[No Variations]"
Change Net Name : Old Net Name=NetR4_1 New Net Name=NetR15_1
Added Pin To Net: NetName=NetR4_1 Pin=R4-1
Added Pin To Net: NetName=NetR4_1 Pin=R10-1
Added Pin To Net: NetName=NetR4_1 Pin=R16-1
Added Pin To Net: NetName=NetR4_1 Pin=R22-1
Added Pin To Net: NetName=NetR4_1 Pin=R28-1
Added Net: Name=NetR4_1
Added Pin To Net: NetName=Netra3_1 Pin=ra3-1
Added Pin To Net: NetName=Netra3_1 Pin=RL16-3
Added Net: Name=Netra3_1
Added Pin To Net: NetName=Netra3_2 Pin=ra3-2
Added Pin To Net: NetName=Netra3_2 Pin=RL13-3
Added Net: Name=Netra3_2
Added Pin To Net: NetName=Netra3_3 Pin=ra3-3
Added Pin To Net: NetName=Netra3_3 Pin=RL12-3
Added Net: Name=Netra3_3
Added Pin To Net: NetName=Netra3_4 Pin=ra3-4
Added Pin To Net: NetName=Netra3_4 Pin=RL10-3
Added Net: Name=Netra3_4
Added Pin To Net: NetName=Netra3_5 Pin=ra3-5
Added Pin To Net: NetName=Netra3_5 Pin=RL7-3
Added Net: Name=Netra3_5
Added Pin To Net: NetName=Netra3_6 Pin=ra3-6
Added Pin To Net: NetName=Netra3_6 Pin=RL6-3
Added Net: Name=Netra3_6
Added Pin To Net: NetName=Netra3_7 Pin=ra3-7
Added Pin To Net: NetName=Netra3_7 Pin=RL3-3
Added Net: Name=Netra3_7
Added Pin To Net: NetName=Netra3_8 Pin=ra3-8
Added Pin To Net: NetName=Netra3_8 Pin=RL2-3
Added Net: Name=Netra3_8
